action	address-book-new	The icon used for the action to create a new address book.
action	application-exit	The icon used for exiting an application. Typically this is seen in the application's menus as File->Quit.
action	appointment-new	The icon used for the action to create a new appointment in a calendaring application.
action	call-start	The icon used for initiating or accepting a call. Should be similar to the standard cellular call pickup icon, a green handset with ear and mouth pieces facing upward.
action	call-stop	The icon used for stopping a current call. Should be similar to the standard cellular call hangup icon, a red handset with ear and mouth pieces facing downward.
action	contact-new	The icon used for the action to create a new contact in an address book application.
action	document-new	The icon used for the action to create a new document.
action	document-open	The icon used for the action to open a document.
action	document-open-recent	The icon used for the action to open a document that was recently opened.
action	document-page-setup	The icon for the page setup action of a document editor.
action	document-print	The icon for the print action of an application.
action	document-print-preview	The icon for the print preview action of an application.
action	document-properties	The icon for the action to view the properties of a document in an application.
action	document-revert	The icon for the action of reverting to a previous version of a document.
action	document-save	The icon for the save action. Should be an arrow pointing down and toward a hard disk.
action	document-save-as	The icon for the save as action.
action	document-send	The icon for the send action. Should be an arrow pointing up and away from a hard disk.
action	edit-clear	The icon for the clear action.
action	edit-copy	The icon for the copy action.
action	edit-cut	The icon for the cut action.
action	edit-delete	The icon for the delete action.
action	edit-find	The icon for the find action.
action	edit-find-replace	The icon for the find and replace action.
action	edit-paste	The icon for the paste action.
action	edit-redo	The icon for the redo action.
action	edit-select-all	The icon for the select all action.
action	edit-undo	The icon for the undo action.
action	folder-new	The icon for creating a new folder.
action	format-indent-less	The icon for the decrease indent formatting action.
action	format-indent-more	The icon for the increase indent formatting action.
action	format-justify-center	The icon for the center justification formatting action.
action	format-justify-fill	The icon for the fill justification formatting action.
action	format-justify-left	The icon for the left justification formatting action.
action	format-justify-right	The icon for the right justification action.
action	format-text-direction-ltr	The icon for the left-to-right text formatting action.
action	format-text-direction-rtl	The icon for the right-to-left formatting action.
action	format-text-bold	The icon for the bold text formatting action.
action	format-text-italic	The icon for the italic text formatting action.
action	format-text-underline	The icon for the underlined text formatting action.
action	format-text-strikethrough	The icon for the strikethrough text formatting action.
action	go-bottom	The icon for the go to bottom of a list action.
action	go-down	The icon for the go down in a list action.
action	go-first	The icon for the go to the first item in a list action.
action	go-home	The icon for the go to home location action.
action	go-jump	The icon for the jump to action.
action	go-last	The icon for the go to the last item in a list action.
action	go-next	The icon for the go to the next item in a list action.
action	go-previous	The icon for the go to the previous item in a list action.
action	go-top	The icon for the go to the top of a list action.
action	go-up	The icon for the go up in a list action.
action	help-about	The icon for the About item in the Help menu.
action	help-contents	The icon for Contents item in the Help menu.
action	help-faq	The icon for the FAQ item in the Help menu.
action	insert-image	The icon for the insert image action of an application.
action	insert-link	The icon for the insert link action of an application.
action	insert-object	The icon for the insert object action of an application.
action	insert-text	The icon for the insert text action of an application.
action	list-add	The icon for the add to list action.
action	list-remove	The icon for the remove from list action.
action	mail-forward	The icon for the forward action of an electronic mail application.
action	mail-mark-important	The icon for the mark as important action of an electronic mail application.
action	mail-mark-junk	The icon for the mark as junk action of an electronic mail application.
action	mail-mark-notjunk	The icon for the mark as not junk action of an electronic mail application.
action	mail-mark-read	The icon for the mark as read action of an electronic mail application.
action	mail-mark-unread	The icon for the mark as unread action of an electronic mail application.
action	mail-message-new	The icon for the compose new mail action of an electronic mail application.
action	mail-reply-all	The icon for the reply to all action of an electronic mail application.
action	mail-reply-sender	The icon for the reply to sender action of an electronic mail application.
action	mail-send	The icon for the send action of an electronic mail application.
action	mail-send-receive	The icon for the send and receive action of an electronic mail application.
action	media-eject	The icon for the eject action of a media player or file manager.
action	media-playback-pause	The icon for the pause action of a media player.
action	media-playback-start	The icon for the start playback action of a media player.
action	media-playback-stop	The icon for the stop action of a media player.
action	media-record	The icon for the record action of a media application.
action	media-seek-backward	The icon for the seek backward action of a media player.
action	media-seek-forward	The icon for the seek forward action of a media player.
action	media-skip-backward	The icon for the skip backward action of a media player.
action	media-skip-forward	The icon for the skip forward action of a media player.
action	object-flip-horizontal	The icon for the action to flip an object horizontally.
action	object-flip-vertical	The icon for the action to flip an object vertically.
action	object-rotate-left	The icon for the rotate left action performed on an object.
action	object-rotate-right	The icon for the rotate rigt action performed on an object.
action	process-stop	The icon used for the “Stop” action in applications with actions that may take a while to process, such as web page loading in a browser.
action	system-lock-screen	The icon used for the “Lock Screen” item in the desktop's panel application.
action	system-log-out	The icon used for the “Log Out” item in the desktop's panel application.
action	system-run	The icon used for the “Run Application...” item in the desktop's panel application.
action	system-search	The icon used for the “Search” item in the desktop's panel application.
action	system-reboot	The icon used for the “Reboot” item in the desktop's panel application.
action	system-shutdown	The icon used for the “Shutdown” item in the desktop's panel application.
action	tools-check-spelling	The icon used for the “Check Spelling” item in the application's “Tools” menu.
action	view-fullscreen	The icon used for the “Fullscreen” item in the application's “View” menu.
action	view-refresh	The icon used for the “Refresh” item in the application's “View” menu.
action	view-restore	The icon used by an application for leaving the fullscreen view, and returning to a normal windowed view.
action	view-sort-ascending	The icon used for the “Sort Ascending” item in the application's “View” menu, or in a button for changing the sort method for a list.
action	view-sort-descending	The icon used for the “Sort Descending” item in the application's “View” menu, or in a button for changing the sort method for a list.
action	window-close	The icon used for the “Close Window” item in the application's “Windows” menu.
action	window-new	The icon used for the “New Window” item in the application's “Windows” menu.
action	zoom-fit-best	The icon used for the “Best Fit” item in the application's “View” menu.
action	zoom-in	The icon used for the “Zoom in” item in the application's “View” menu.
action	zoom-original	The icon used for the “Original Size” item in the application's “View” menu.
action	zoom-out	The icon used for the “Zoom Out” item in the application's “View” menu.
animation	process-working	This is the standard spinner animation for web browsers and file managers to show that the location is loading.
apps	accessories-calculator	The icon used for the desktop's calculator accessory program.
apps	accessories-character-map	The icon used for the desktop's international and extended text character accessory program.
apps	accessories-dictionary	The icon used for the desktop's dictionary accessory program.
apps	accessories-text-editor	The icon used for the desktop's text editing accessory program.
apps	help-browser	The icon used for the desktop's help browsing application.
apps	multimedia-volume-control	The icon used for the desktop's hardware volume control application.
apps	preferences-desktop-accessibility	The icon used for the desktop's accessibility preferences.
apps	preferences-desktop-font	The icon used for the desktop's font preferences.
apps	preferences-desktop-keyboard	The icon used for the desktop's keyboard preferences.
apps	preferences-desktop-locale	The icon used for the desktop's locale preferences.
apps	preferences-desktop-multimedia	The icon used for the desktop's multimedia preferences.
apps	preferences-desktop-screensaver	The icon used for the desktop's screen saving preferences.
apps	preferences-desktop-theme	The icon used for the desktop's theme preferences.
apps	preferences-desktop-wallpaper	The icon used for the desktop's wallpaper preferences.
apps	system-file-manager	The icon used for the desktop's file management application.
apps	system-software-install	The icon used for the desktop's software installer application.
apps	system-software-update	The icon used for the desktop's software updating application.
apps	utilities-system-monitor	The icon used for the desktop's system resource monitor application.
apps	utilities-terminal	The icon used for the desktop's terminal emulation application.
categories	applications-accessories	The icon for the “Accessories” sub-menu of the Programs menu.
categories	applications-development	The icon for the “Programming” sub-menu of the Programs menu.
categories	applications-engineering	The icon for the “Engineering” sub-menu of the Programs menu.
categories	applications-games	The icon for the “Games” sub-menu of the Programs menu.
categories	applications-graphics	The icon for the “Graphics” sub-menu of the Programs menu.
categories	applications-internet	The icon for the “Internet” sub-menu of the Programs menu.
categories	applications-multimedia	The icon for the “Multimedia” sub-menu of the Programs menu.
categories	applications-office	The icon for the “Office” sub-menu of the Programs menu.
categories	applications-other	The icon for the “Other” sub-menu of the Programs menu.
categories	applications-science	The icon for the “Science” sub-menu of the Programs menu.
categories	applications-system	The icon for the “System Tools” sub-menu of the Programs menu.
categories	applications-utilities	The icon for the “Utilities” sub-menu of the Programs menu.
categories	preferences-desktop	The icon for the “Desktop Preferences” category.
categories	preferences-desktop-peripherals	The icon for the “Peripherals” sub-category of the “Desktop Preferences” category.
categories	preferences-desktop-personal	The icon for the “Personal” sub-category of the “Desktop Preferences” category.
categories	preferences-other	The icon for the “Other” preferences category.
categories	preferences-system	The icon for the “System Preferences” category.
categories	preferences-system-network	The icon for the “Network” sub-category of the “System Preferences” category.
categories	system-help	The icon for the “Help” system category.
devices	audio-card	The icon used for the audio rendering device.
devices	audio-input-microphone	The icon used for the microphone audio input device.
devices	battery	The icon used for the system battery device.
devices	camera-photo	The icon used for a digital still camera devices.
devices	camera-video	The fallback icon for video cameras.
devices	camera-web	The fallback icon for web cameras.
devices	computer	The icon used for the computing device as a whole.
devices	drive-harddisk	The icon used for hard disk drives.
devices	drive-optical	The icon used for optical media drives such as CD and DVD.
devices	drive-removable-media	The icon used for removable media drives.
devices	input-gaming	The icon used for the gaming input device.
devices	input-keyboard	The icon used for the keyboard input device.
devices	input-mouse	The icon used for the mousing input device.
devices	input-tablet	The icon used for graphics tablet input devices.
devices	media-flash	The fallback icon used for flash media, such as memory stick and SD.
devices	media-floppy	The icon used for physical floppy disk media.
devices	media-optical	The icon used for physical optical media such as CD and DVD.
devices	media-tape	The icon used for generic physical tape media.
devices	modem	The icon used for modem devices.
devices	multimedia-player	The icon used for generic multimedia playing devices.
devices	network-wired	The icon used for wired network connections.
devices	network-wireless	The icon used for wireless network connections.
devices	pda	This is the fallback icon for Personal Digial Assistant devices. Primary use of this icon is for PDA devices connected to the PC. Connection medium is not an important aspect of the icon. The metaphor for this fallback icon should be a generic PDA device icon.
devices	phone	This is the default fallback for phone devices. Primary use of this icon group is for phone devices which support connectivity to the PC. These may be VoIP, cellular, or possibly landline phones. The metaphor for this fallback should be a generic mobile phone device.
devices	printer	The icon used for a printer device.
devices	scanner	The icon used for a scanner device.
devices	video-display	The icon used for the monitor that video gets displayed to.
emblems	emblem-default	The icon used as an emblem to specify the default selection of a printer for example.
emblems	emblem-documents	The icon used as an emblem for the directory where a user's documents are stored.
emblems	emblem-downloads	The icon used as an emblem for the directory where a user's downloads from the internet are stored.
emblems	emblem-favorite	The icon used as an emblem for files and directories that the user marks as favorites.
emblems	emblem-important	The icon used as an emblem for files and directories that are marked as important by the user.
emblems	emblem-mail	The icon used as an emblem to specify the directory where the user's electronic mail is stored.
emblems	emblem-photos	The icon used as an emblem to specify the directory where the user stores photographs.
emblems	emblem-readonly	The icon used as an emblem for files and directories which can not be written to by the user.
emblems	emblem-shared	The icon used as an emblem for files and directories that are shared to other users.
emblems	emblem-symbolic-link	The icon used as an emblem for files and direcotires that are links to other files or directories on the filesystem.
emblems	emblem-synchronized	The icon used as an emblem for files or directories that are configured to be synchronized to another device.
emblems	emblem-system	The icon used as an emblem for directories that contain system libraries, settings, and data.
emblems	emblem-unreadable	The icon used as an emblem for files and directories that are inaccessible.
emotes	face-angel	The icon used for the 0:-) emote.
emotes	face-angry	The icon used for the X-( emote.
emotes	face-cool	The icon used for the B-) emote.
emotes	face-crying	The icon used for the :'( emote.
emotes	face-devilish	The icon used for the >:-) emote.
emotes	face-embarrassed	The icon used for the :-[ emote.
emotes	face-kiss	The icon used for the :-* emote.
emotes	face-laugh	The icon used for the :-)) emote.
emotes	face-monkey	The icon used for the :-(|) emote.
emotes	face-plain	The icon used for the :-| emote.
emotes	face-raspberry	The icon used for the :-P emote.
emotes	face-sad	The icon used for the :-( emote.
emotes	face-sick	The icon used for the :-& emote.
emotes	face-smile	The icon used for the :-) emote.
emotes	face-smile-big	The icon used for the :-D emote.
emotes	face-smirk	The icon used for the :-! emote.
emotes	face-surprise	The icon used for the :-0 emote.
emotes	face-tired	The icon used for the |-) emote.
emotes	face-uncertain	The icon used for the :-/ emote.
emotes	face-wink	The icon used for the ;-) emote.
emotes	face-worried	The icon used for the :-S emote.
mimetypes	application-x-executable	The icon used for executable file types.
mimetypes	audio-x-generic	The icon used for generic audio file types.
mimetypes	font-x-generic	The icon used for generic font file types.
mimetypes	image-x-generic	The icon used for generic image file types.
mimetypes	package-x-generic	The icon used for generic package file types.
mimetypes	text-html	The icon used for HTML text file types.
mimetypes	text-x-generic	The icon used for generic text file types.
mimetypes	text-x-generic-template	The icon used for generic text templates.
mimetypes	text-x-script	The icon used for script file types, such as shell scripts.
mimetypes	video-x-generic	The icon used for generic video file types.
mimetypes	x-office-address-book	The icon used for generic address book file types.
mimetypes	x-office-calendar	The icon used for generic calendar file types.
mimetypes	x-office-document	The icon used for generic document and letter file types.
mimetypes	x-office-presentation	The icon used for generic presentation file types.
mimetypes	x-office-spreadsheet	The icon used for generic spreadsheet file types.
places	folder	The standard folder icon used to represent directories on local filesystems, mail folders, and other hierarchical groups.
places	folder-remote	The icon used for normal directories on a remote filesystem.
places	network-server	The icon used for individual host machines under the “Network Servers” place in the file manager.
places	network-workgroup	The icon for the “Network Servers” place in the desktop's file manager, and workgroups within the network.
places	start-here	The icon used by the desktop's main menu for accessing places, applications, and other features.
places	user-bookmarks	The icon for the user's special “Bookmarks” place.
places	user-desktop	The icon for the special “Desktop” directory of the user.
places	user-home	The icon for the special “Home” directory of the user.
places	user-trash	The icon for the user's “Trash” place in the desktop's file manager.
status	appointment-missed	The icon used when an appointment was missed.
status	appointment-soon	The icon used when an appointment will occur soon.
status	audio-volume-high	The icon used to indicate high audio volume.
status	audio-volume-low	The icon used to indicate low audio volume.
status	audio-volume-medium	The icon used to indicate medium audio volume.
status	audio-volume-muted	The icon used to indicate the muted state for audio playback.
status	battery-caution	The icon used when the battery is below 40%.
status	battery-low	The icon used when the battery is below 20%.
status	dialog-error	The icon used when a dialog is opened to explain an error condition to the user.
status	dialog-information	The icon used when a dialog is opened to give information to the user that may be pertinent to the requested action.
status	dialog-password	The icon used when a dialog requesting the authentication credentials for a user is opened.
status	dialog-question	The icon used when a dialog is opened to ask a simple question of the user.
status	dialog-warning	The icon used when a dialog is opened to warn the user of impending issues with the requested action.
status	folder-drag-accept	The icon used for a folder while an object is being dragged onto it, that is of a type that the directory can contain.
status	folder-open	The icon used for folders, while their contents are being displayed within the same window. This icon would normally be shown in a tree or list view, next to the main view of a folder's contents.
status	folder-visiting	The icon used for folders, while their contents are being displayed in another window. This icon would typically be used when using multiple windows to navigate the hierarchy, such as in Nautilus's spatial mode.
status	image-loading	The icon used when another image is being loaded, such as thumnails for larger images in the file manager.
status	image-missing	The icon used when another image could not be loaded.
status	mail-attachment	The icon used for an electronic mail that contains attachments.
status	mail-unread	The icon used for an electronic mail that is unread.
status	mail-read	The icon used for an electronic mail that is read.
status	mail-replied	The icon used for an electronic mail that has been replied to.
status	mail-signed	The icon used for an electronic mail that contains a signature.
status	mail-signed-verified	The icon used for an electronic mail that contains a signature which has also been verified by the security system.
status	media-playlist-repeat	The icon for the repeat mode of a media player.
status	media-playlist-shuffle	The icon for the shuffle mode of a media player.
status	network-error	The icon used when an error occurs trying to intialize the network connection of the computing device. This icon should be two computers, one in the background, with the screens of both computers, colored black, and with the theme's style element for errors, overlayed on top of the icon.
status	network-idle	The icon used when no data is being transmitted or received, while the computing device is connected to a network. This icon should be two computers, one in the background, with the screens of both computers, colored black.
status	network-offline	The icon used when the computing device is disconnected from the network. This icon should be a computer in the background, with a screen colored black, and the theme's icon element to show that a device is not accessible, in the foreground.
status	network-receive	The icon used when data is being received, while the computing device is connected to a network. This icon should be two computers, one in the background, with its screen colored green, and the screen of the computer in the foreground, colored black.
status	network-transmit	The icon used when data is being transmitted, while the computing device is connected to a network. This icon should be two computers, one in the background, with its screen colored black, and the screen of the computer in the foreground, colored green.
status	network-transmit-receive	The icon used data is being both transmitted and received simultaneously, while the computing device is connected to a network. This icon should be two computers, one in the background, with the screens of both computers, colored green.
status	printer-error	The icon used when an error occurs while attempting to print. This icon should be the theme's printer device icon, with the theme's style element for errors, overlayed on top of the icon.
status	printer-printing	The icon used while a print job is successfully being spooled to a printing device. This icon should be the theme's printer device icon, with a document emerging from the printing device.
status	security-high	The icon used to indicate that the security level of a connection is known to be secure, using strong encryption and a valid certificate.
status	security-medium	The icon used to indicate that the security level of a connection is presumed to be secure, using strong encryption, and a certificate that could not be automatically verified, but which the user has chosen to trust.
status	security-low	The icon used to indicate that the security level of a connection is presumed to be insecure, either by using weak encryption, or by using a certificate that the could not be automatically verified, and which the user has not chosent to trust.
status	software-update-available	The icon used when an update is available for software installed on the computing device, through the system software update program.
status	software-update-urgent	The icon used when an urgent update is available through the system software update program.
status	sync-error	The icon used when an error occurs while attempting to synchronize data from the computing device, to another device.
status	sync-synchronizing	The icon used while data is successfully synchronizing to another device.
status	task-due	The icon used when a task is due soon.
status	task-past-due	The icon used when a task that was due, has been left incomplete.
status	user-available	The icon used when a user on a chat network is available to initiate a conversation with.
status	user-away	The icon used when a user on a chat network is away from their keyboard and the chat program.
status	user-idle	The icon used when a user on a chat network has not been an active participant in any chats on the network, for an extended period of time.
status	user-offline	The icon used when a user on a chat network is not available.
status	user-trash-full	The icon for the user's “Trash” in the desktop's file manager, when there are items in the “Trash” waiting for disposal or recovery.
status	weather-clear	The icon used while the weather for a region is “clear skies”.
status	weather-clear-night	The icon used while the weather for a region is “clear skies” during the night.
status	weather-few-clouds	The icon used while the weather for a region is “partly cloudy”.
status	weather-few-clouds-night	The icon used while the weather for a region is “partly cloudy” during the night.
status	weather-fog	The icon used while the weather for a region is “foggy”.
status	weather-overcast	The icon used while the weather for a region is “overcast”.
status	weather-severe-alert	The icon used while a sever weather alert is in effect for a region.
status	weather-showers	The icon used while rain showers are occurring in a region.
status	weather-showers-scattered	The icon used while scattered rain showers are occurring in a region.
status	weather-snow	The icon used while snow showers are occurring in a region.
status	weather-storm	The icon used while storms are occurring in a region.
